<?xml version="1.0" encoding="UTF-8"?>
<!-- Generated by org.testng.reporters.JUnitXMLReporter -->
<testsuite ignored="0" hostname="Sulakhe-Family5" failures="0" tests="7" name="Default test" time="11.992" errors="0" timestamp="08 Jul 2024 11:01:27 GMT">
  <testcase classname="cryptoWalletRestAssured_API.restAssured" name="calculateTransaction" time="6.114"/>
  <testcase classname="cryptoWalletRestAssured_API.restAssured" name="getAnObject" time="0.998"/>
  <testcase classname="cryptoWalletRestAssured_API.restAssured" name="listAllTransactions" time="0.966"/>
  <testcase classname="cryptoWalletRestAssured_API.restAssured" name="loginTheUser" time="0.974"/>
  <testcase classname="cryptoWalletRestAssured_API.restAssured" name="registerAUser" time="0.945"/>
  <testcase classname="cryptoWalletRestAssured_API.restAssured" name="retriveBalance" time="0.937"/>
  <testcase classname="cryptoWalletRestAssured_API.restAssured" name="transfer" time="0.953"/>
</testsuite> <!-- Default test -->
