<?xml version="1.0" encoding="UTF-8"?>
<testng-results ignored="0" total="7" passed="7" failed="0" skipped="0">
  <reporter-output>
  </reporter-output>
  <suite started-at="2024-07-08T11:01:14Z" name="Default suite" finished-at="2024-07-08T11:01:26Z" duration-ms="11992">
    <groups>
    </groups>
    <test started-at="2024-07-08T11:01:14Z" name="Default test" finished-at="2024-07-08T11:01:26Z" duration-ms="11992">
      <class name="cryptoWalletRestAssured_API.restAssured">
        <test-method signature="calculateTransaction()[pri:0, instance:cryptoWalletRestAssured_API.restAssured@36060e]" started-at="2024-07-08T11:01:15Z" name="calculateTransaction" finished-at="2024-07-08T11:01:21Z" duration-ms="6114" status="PASS">
          <reporter-output>
          </reporter-output>
        </test-method> <!-- calculateTransaction -->
        <test-method signature="getAnObject()[pri:0, instance:cryptoWalletRestAssured_API.restAssured@36060e]" started-at="2024-07-08T11:01:21Z" name="getAnObject" finished-at="2024-07-08T11:01:22Z" duration-ms="998" status="PASS">
          <reporter-output>
          </reporter-output>
        </test-method> <!-- getAnObject -->
        <test-method signature="listAllTransactions()[pri:0, instance:cryptoWalletRestAssured_API.restAssured@36060e]" started-at="2024-07-08T11:01:22Z" name="listAllTransactions" finished-at="2024-07-08T11:01:23Z" duration-ms="966" status="PASS">
          <reporter-output>
          </reporter-output>
        </test-method> <!-- listAllTransactions -->
        <test-method signature="loginTheUser()[pri:0, instance:cryptoWalletRestAssured_API.restAssured@36060e]" started-at="2024-07-08T11:01:23Z" name="loginTheUser" finished-at="2024-07-08T11:01:24Z" duration-ms="974" status="PASS">
          <reporter-output>
          </reporter-output>
        </test-method> <!-- loginTheUser -->
        <test-method signature="registerAUser()[pri:0, instance:cryptoWalletRestAssured_API.restAssured@36060e]" started-at="2024-07-08T11:01:24Z" name="registerAUser" finished-at="2024-07-08T11:01:25Z" duration-ms="945" status="PASS">
          <reporter-output>
          </reporter-output>
        </test-method> <!-- registerAUser -->
        <test-method signature="retriveBalance()[pri:0, instance:cryptoWalletRestAssured_API.restAssured@36060e]" started-at="2024-07-08T11:01:25Z" name="retriveBalance" finished-at="2024-07-08T11:01:25Z" duration-ms="937" status="PASS">
          <reporter-output>
          </reporter-output>
        </test-method> <!-- retriveBalance -->
        <test-method signature="transfer()[pri:0, instance:cryptoWalletRestAssured_API.restAssured@36060e]" started-at="2024-07-08T11:01:26Z" name="transfer" finished-at="2024-07-08T11:01:26Z" duration-ms="953" status="PASS">
          <reporter-output>
          </reporter-output>
        </test-method> <!-- transfer -->
      </class> <!-- cryptoWalletRestAssured_API.restAssured -->
    </test> <!-- Default test -->
  </suite> <!-- Default suite -->
</testng-results>
